 Version 2023
 New variable
          dx        dx/dx1         psi
  1.0000E+00  1.0000E+00  1.0300E-01
  1.2000E+00  1.2000E+00  1.0450E-01
  1.5000E+00  1.5000E+00  1.0690E-01
  2.0000E+00  2.0000E+00  1.1210E-01
  3.0000E+00  3.0000E+00  1.2360E-01
 Largest  value :  1.2360E-01
 Smallest value :  1.0300E-01
 Fit p, no weights
  9.7959E-02  4.9783E-03  1.4928E+00  1.6308E-04
 Fit p, weights from hi
  9.8112E-02  4.8480E-03  1.5121E+00  1.5615E-04
 Fit p, Huber weights
  9.7803E-02  5.1497E-03  1.4671E+00  1.1442E-04
 Fit p, Bisquare weights
  9.7710E-02  5.2547E-03  1.4517E+00  5.1692E-05
 p determined
 Weights Bisquare
 Guess of exact solution                    =  9.7710E-02
 Error constant                             =  5.2547E-03
 Observed order of grid convergence       p =  1.5
 Factor of safety                           =  1.25
 Standard deviation of the fit (no weights) =  2.0171E-04
 Standard deviation of the fit (weighted)   =  5.1692E-05
 Ratio between Std/Data                     =  3.9168E-02
 Grid   1 dx=    1.00 phi=   1.030E-01
 Estimated uncertainty                      =  6.6659E-03
 Estimated error                            =  5.2547E-03
 Estimated error noise                      =  8.6536E-05

 Grid   2 dx=    1.20 phi=   1.045E-01
 Estimated uncertainty                      =  8.6820E-03
 Estimated error                            =  6.8469E-03
 Estimated error noise                      =  1.0907E-04

 Grid   3 dx=    1.50 phi=   1.069E-01
 Estimated uncertainty                      =  1.2181E-02
 Estimated error                            =  9.4663E-03
 Estimated error noise                      =  3.2844E-04

 Grid   4 dx=    2.00 phi=   1.121E-01
 Estimated uncertainty                      =  1.8065E-02
 Estimated error                            =  1.4373E-02
 Estimated error noise                      =  6.8025E-05

 Grid   5 dx=    3.00 phi=   1.236E-01
 Estimated uncertainty                      =  3.2476E-02
 Estimated error                            =  2.5893E-02
 Estimated error noise                      =  5.5368E-05

 Version 2023
 New variable
          dx        dx/dx1         psi
  1.0000E+00  1.0000E+00  3.3300E-01
  1.2000E+00  1.2000E+00  3.4250E-01
  1.5000E+00  1.5000E+00  3.5690E-01
  2.0000E+00  2.0000E+00  3.9210E-01
  3.0000E+00  3.0000E+00  4.8360E-01
 Largest  value :  4.8360E-01
 Smallest value :  3.3300E-01
 Fit p, no weights
  3.1126E-01  2.1744E-02  1.8847E+00  9.3264E-04
 Fit p, weights from hi
  3.1157E-01  2.1507E-02  1.8933E+00  9.3000E-04
 Fit p, Huber weights
  3.1037E-01  2.2628E-02  1.8527E+00  3.6726E-08
 Fit p, Bisquare weights
  3.1037E-01  2.2628E-02  1.8527E+00  6.1493E-15
 p determined
 Weights Bisquare
 Guess of exact solution                    =  3.1037E-01
 Error constant                             =  2.2628E-02
 Observed order of grid convergence       p =  1.9
 Factor of safety                           =  1.25
 Standard deviation of the fit (no weights) =  1.0538E-03
 Standard deviation of the fit (weighted)   =  6.1493E-15
 Ratio between Std/Data                     =  2.7990E-02
 Grid   1 dx=    1.00 phi=   3.330E-01
 Estimated uncertainty                      =  2.8327E-02
 Estimated error                            =  2.2628E-02
 Estimated error noise                      =  9.4245E-15

 Grid   2 dx=    1.20 phi=   3.425E-01
 Estimated uncertainty                      =  4.0116E-02
 Estimated error                            =  3.1721E-02
 Estimated error noise                      =  4.0697E-04

 Grid   3 dx=    1.50 phi=   3.569E-01
 Estimated uncertainty                      =  6.1474E-02
 Estimated error                            =  4.7962E-02
 Estimated error noise                      =  1.4337E-03

 Grid   4 dx=    2.00 phi=   3.921E-01
 Estimated uncertainty                      =  1.0231E-01
 Estimated error                            =  8.1728E-02
 Estimated error noise                      =  1.1811E-14

 Grid   5 dx=    3.00 phi=   4.836E-01
 Estimated uncertainty                      =  2.1685E-01
 Estimated error                            =  1.7323E-01
 Estimated error noise                      =  8.1477E-15

